<?xml version="1.0" encoding="UTF-8"?>
<!-- Generated by org.testng.reporters.JUnitReportReporter -->
<testsuite hostname="BHANU" failures="0" tests="2" name="demo_Codes.LoginTest" time="1.553" errors="0" timestamp="2024-02-22T13:22:46 IST" skipped="0">
  <testcase classname="demo_Codes.LoginTest" name="testlogin" time="1.504"/>
  <testcase classname="demo_Codes.LoginTest" name="validation" time="0.049"/>
</testsuite> <!-- demo_Codes.LoginTest -->
